{"level":"info","message":"App listening on port 3500"}
{"level":"info","message":"Connected to the database"}
{"level":"info","message":"App listening on port 3500"}
{"level":"info","message":"Connected to the database"}
{"level":"info","message":"App listening on port 3500"}
{"level":"info","message":"Connected to the database"}
{"level":"info","message":"App listening on port 3500"}
{"level":"info","message":"Connected to the database"}
{"level":"info","message":"Received GET request at /api/users/register"}
{"level":"info","message":"Received POST request at /api/users/register"}
{"level":"info","message":"Received POST request at /api/users/register"}
{"level":"info","message":"App listening on port 3500"}
{"level":"info","message":"Connected to the database"}
{"level":"info","message":"Received POST request at /api/users/register"}
{"level":"info","message":"Received POST request at /api/users/register"}
{"level":"info","message":"Received POST request at /api/users/register"}
{"level":"info","message":"Received POST request at /api/users/register"}
{"level":"info","message":"Received POST request at /api/users/register"}
{"level":"info","message":"Received POST request at /api/users/register"}
{"level":"info","message":"Received POST request at /api/users/register"}
{"level":"info","message":"Received GET request at /api/users/login"}
{"level":"info","message":"Received POST request at /api/users/login"}
{"level":"info","message":"App listening on port 3500"}
{"level":"info","message":"Connected to the database"}
{"level":"info","message":"App listening on port 3500"}
{"level":"info","message":"Connected to the database"}
{"level":"info","message":"App listening on port 3500"}
{"level":"info","message":"Connected to the database"}
{"level":"info","message":"App listening on port 3500"}
{"level":"info","message":"Connected to the database"}
{"level":"info","message":"App listening on port 3500"}
{"level":"info","message":"Connected to the database"}
{"level":"info","message":"App listening on port 3500"}
{"level":"info","message":"Connected to the database"}
{"level":"info","message":"Received POST request at /api/users/login"}
{"level":"info","message":"App listening on port 3500"}
{"level":"info","message":"Connected to the database"}
{"level":"info","message":"Received POST request at /api/users/login"}
{"level":"info","message":"App listening on port 3500"}
{"level":"info","message":"Connected to the database"}
{"level":"info","message":"App listening on port 3500"}
{"level":"info","message":"Connected to the database"}
{"level":"info","message":"Received POST request at /api/users/login"}
{"level":"info","message":"App listening on port 3500"}
{"level":"info","message":"Connected to the database"}
{"level":"info","message":"App listening on port 3500"}
{"level":"info","message":"Connected to the database"}
{"level":"info","message":"App listening on port 3500"}
{"level":"info","message":"Connected to the database"}
{"level":"info","message":"Received POST request at /api/users/login"}
{"level":"error"}
{"level":"info","message":"Received POST request at /api/users/login"}
{"level":"error"}
{"level":"info","message":"App listening on port 3500"}
{"level":"info","message":"Connected to the database"}
{"level":"info","message":"Received POST request at /api/users/login"}
{"level":"error"}
{"level":"info","message":"App listening on port 3500"}
{"level":"info","message":"Connected to the database"}
{"level":"info","message":"Received POST request at /api/users/login"}
{"level":"error"}
{"level":"info","message":"App listening on port 3500"}
{"level":"info","message":"Connected to the database"}
{"level":"info","message":"App listening on port 3500"}
{"level":"info","message":"Connected to the database"}
{"level":"info","message":"Received POST request at /api/users/login"}
{"level":"info","message":"App listening on port 3500"}
{"level":"info","message":"Connected to the database"}
{"level":"info","message":"App listening on port 3500"}
{"level":"info","message":"Connected to the database"}
{"level":"info","message":"App listening on port 3500"}
{"level":"info","message":"Connected to the database"}
{"level":"info","message":"Received POST request at /api/users/login"}
{"level":"error"}
{"level":"info","message":"App listening on port 3500"}
{"level":"info","message":"Connected to the database"}
{"level":"info","message":"App listening on port 3500"}
{"level":"info","message":"Connected to the database"}
{"level":"info","message":"Received POST request at /api/users/login"}
{"level":"info","message":"App listening on port 3500"}
{"level":"info","message":"Connected to the database"}
{"level":"info","message":"App listening on port 3500"}
{"level":"info","message":"Connected to the database"}
{"level":"info","message":"App listening on port 3500"}
{"level":"info","message":"Connected to the database"}
{"level":"info","message":"Received POST request at /api/users/login"}
{"level":"info","message":"App listening on port 3500"}
{"level":"info","message":"Connected to the database"}
{"level":"info","message":"Received POST request at /api/users/login"}
{"level":"info","message":"Received POST request at /api/users/login"}
{"level":"info","message":"App listening on port 3500"}
{"level":"info","message":"Connected to the database"}
{"level":"info","message":"App listening on port 3500"}
{"level":"info","message":"Connected to the database"}
{"level":"info","message":"Received POST request at /api/users/login"}
{"level":"info","message":"App listening on port 3500"}
{"level":"info","message":"Connected to the database"}
{"level":"info","message":"Received POST request at /api/users/login"}
{"level":"info","message":"App listening on port 3500"}
{"level":"info","message":"Connected to the database"}
{"level":"info","message":"Received POST request at /api/users/login"}
{"level":"info","message":"App listening on port 3500"}
{"level":"info","message":"Connected to the database"}
{"level":"info","message":"App listening on port 3500"}
{"level":"info","message":"Connected to the database"}
{"level":"info","message":"Received POST request at /api/users/login"}
{"level":"info","message":"App listening on port 3500"}
{"level":"info","message":"Connected to the database"}
{"level":"info","message":"App listening on port 3500"}
{"level":"info","message":"Connected to the database"}
{"level":"info","message":"Received POST request at /api/users/login"}
